{
  "RSpec": {
    "coverage": {
      "/home/am-rocks/Desktop/rails_project/spec/models/game_spec.rb": [
        1,
        null,
        1,
        2,
        null
      ],
      "/home/am-rocks/Desktop/rails_project/spec/rails_helper.rb": [
        1,
        1,
        null,
        1,
        1,
        1,
        1,
        1,
        null,
        null,
        1,
        null,
        1,
        1,
        null,
        1,
        1,
        null,
        null,
        1,
        5,
        5,
        null,
        null,
        1,
        null,
        null,
        1,
        1,
        1,
        1,
        null,
        null
      ],
      "/home/am-rocks/Desktop/rails_project/config/environment.rb": [
        null,
        1,
        null,
        null,
        1
      ],
      "/home/am-rocks/Desktop/rails_project/config/application.rb": [
        1,
        null,
        1,
        null,
        1,
        1,
        1,
        1,
        1,
        1,
        1,
        null,
        null,
        null,
        null,
        1,
        null,
        1,
        1,
        null,
        null,
        null,
        null,
        null,
        null,
        null,
        null,
        null,
        null,
        null,
        null,
        null,
        1,
        null,
        null
      ],
      "/home/am-rocks/Desktop/rails_project/config/boot.rb": [
        1,
        null,
        1
      ],
      "/home/am-rocks/Desktop/rails_project/config/environments/test.rb": [
        1,
        null,
        null,
        null,
        null,
        null,
        null,
        1,
        null,
        null,
        null,
        null,
        1,
        null,
        null,
        1,
        1,
        null,
        null,
        1,
        1,
        null,
        null,
        1,
        null,
        null,
        1,
        null,
        null,
        null,
        null,
        1,
        null,
        null,
        1,
        null,
        null,
        1,
        null,
        null,
        null,
        null
      ],
      "/home/am-rocks/Desktop/rails_project/config/initializers/assets.rb": [
        null,
        null,
        null,
        1,
        null,
        null,
        null,
        null,
        null,
        null,
        null
      ],
      "/home/am-rocks/Desktop/rails_project/config/initializers/backtrace_silencers.rb": [
        null,
        null,
        null,
        null,
        null,
        null,
        null
      ],
      "/home/am-rocks/Desktop/rails_project/config/initializers/cookies_serializer.rb": [
        null,
        null,
        1
      ],
      "/home/am-rocks/Desktop/rails_project/config/initializers/filter_parameter_logging.rb": [
        null,
        null,
        null,
        1
      ],
      "/home/am-rocks/Desktop/rails_project/config/initializers/inflections.rb": [
        null,
        null,
        null,
        null,
        null,
        null,
        null,
        null,
        null,
        null,
        null,
        null,
        null,
        null,
        null,
        null
      ],
      "/home/am-rocks/Desktop/rails_project/config/initializers/mime_types.rb": [
        null,
        null,
        null,
        null
      ],
      "/home/am-rocks/Desktop/rails_project/config/initializers/session_store.rb": [
        null,
        null,
        1
      ],
      "/home/am-rocks/Desktop/rails_project/config/initializers/wrap_parameters.rb": [
        null,
        null,
        null,
        null,
        null,
        null,
        1,
        1,
        null,
        null,
        null,
        null,
        null,
        null
      ],
      "/home/am-rocks/Desktop/rails_project/config/routes.rb": [
        1,
        1,
        null,
        1,
        1,
        null,
        null,
        1,
        1,
        null,
        null,
        null
      ],
      "/home/am-rocks/Desktop/rails_project/app/helpers/application_helper.rb": [
        1,
        null
      ],
      "/home/am-rocks/Desktop/rails_project/app/models/game.rb": [
        1,
        1,
        null,
        null
      ],
      "/home/am-rocks/Desktop/rails_project/spec/models/guess_spec.rb": [
        1,
        null,
        1,
        2,
        2,
        null
      ],
      "/home/am-rocks/Desktop/rails_project/app/models/guess.rb": [
        1,
        1,
        1,
        null
      ],
      "/home/am-rocks/Desktop/rails_project/spec/models/round_spec.rb": [
        1,
        null,
        1,
        2,
        2,
        null
      ],
      "/home/am-rocks/Desktop/rails_project/app/models/round.rb": [
        1,
        1,
        1,
        null,
        null
      ]
    },
    "timestamp": 1446235825
  }
}
